'<ivycache>' ivycache
/usr/bin/modulecmd bash -t avail
/usr/bin/modulecmd bash load google/protobuf/3.5.1
Loading module for protobuf 3.5.1
protoc --java_out=build/firrtl/proto firrtl/src/main/proto/firrtl.proto
/usr/bin/modulecmd bash load
scala/coursier fetch -q --cache ivycache -m offline org.scala-lang:scala-compiler:2.12.8 com.typesafe.scala-logging:scala-logging_2.12:3.9.0 net.jcazevedo:moultingyaml_2.12:0.4.0
scala/coursier fetch -q --cache ivycache -m offline org.antlr:antlr4:4.7.2
scala/coursier fetch -q --cache ivycache -m offline org.scala-lang:scala-compiler:2.12.8 org.scala-lang:scala-reflect:2.12.8 com.typesafe.scala-logging:scala-logging_2.12:3.9.0 net.jcazevedo:moultingyaml_2.12:0.4.0 ch.qos.logback:logback-classic:1.2.3 com.github.scopt:scopt_2.12:3.7.1 net.jcazevedo:moultingyaml_2.12:0.4.1 org.json4s:json4s-native_2.12:3.6.7 org.antlr:antlr4-runtime:4.7.2 org.apache.commons:commons-text:1.7 com.google.protobuf:protobuf-java:3.5.0 org.json4s:json4s-jackson_2.12:3.5.3
scala/coursier fetch -q --cache ivycache -m offline org.scala-lang:scala-compiler:2.12.8 org.json4s:json4s-jackson_2.12:3.5.3 org.scala-lang:scala-reflect:2.12.8 com.typesafe.scala-logging:scala-logging_2.12:3.9.0 net.jcazevedo:moultingyaml_2.12:0.4.0 ch.qos.logback:logback-classic:1.2.3 com.github.scopt:scopt_2.12:3.7.1 net.jcazevedo:moultingyaml_2.12:0.4.1 org.json4s:json4s-native_2.12:3.6.7 org.antlr:antlr4-runtime:4.7.2 org.apache.commons:commons-text:1.7 com.google.protobuf:protobuf-java:3.5.0
scala/coursier fetch -q --cache ivycache -m offline org.scala-lang:scala-compiler:2.12.8
scala/coursier fetch -q --cache ivycache -m offline org.scala-lang:scala-compiler:2.12.8 com.typesafe.scala-logging:scala-logging_2.12:3.9.0 ch.qos.logback:logback-classic:1.2.3 com.github.scopt:scopt_2.12:3.7.1 net.jcazevedo:moultingyaml_2.12:0.4.1 org.json4s:json4s-native_2.12:3.6.7 org.antlr:antlr4-runtime:4.7.2 org.apache.commons:commons-text:1.7 com.google.protobuf:protobuf-java:3.5.0
scala/coursier fetch -q --cache ivycache -m offline org.scala-lang:scala-compiler:2.12.8 org.scala-lang:scala-reflect:2.12.8
scala/coursier fetch -q --cache ivycache -m offline org.scala-lang:scala-compiler:2.12.8 org.scala-lang:scala-reflect:2.12.8 com.typesafe.scala-logging:scala-logging_2.12:3.9.0 net.jcazevedo:moultingyaml_2.12:0.4.0 ch.qos.logback:logback-classic:1.2.3 com.github.scopt:scopt_2.12:3.7.1 net.jcazevedo:moultingyaml_2.12:0.4.1 org.json4s:json4s-native_2.12:3.6.7 org.antlr:antlr4-runtime:4.7.2 org.apache.commons:commons-text:1.7 com.google.protobuf:protobuf-java:3.5.0
/usr/bin/java -cp ivycache/https/repo1.maven.org/maven2/com/ibm/icu/icu4j/61.1/icu4j-61.1.jar:ivycache/https/repo1.maven.org/maven2/org/abego/treelayout/org.abego.treelayout.core/1.0.3/org.abego.treelayout.core-1.0.3.jar:ivycache/https/repo1.maven.org/maven2/org/antlr/ST4/4.1/ST4-4.1.jar:ivycache/https/repo1.maven.org/maven2/org/antlr/antlr-runtime/3.5.2/antlr-runtime-3.5.2.jar:ivycache/https/repo1.maven.org/maven2/org/antlr/antlr4-runtime/4.7.2/antlr4-runtime-4.7.2.jar:ivycache/https/repo1.maven.org/maven2/org/antlr/antlr4/4.7.2/antlr4-4.7.2.jar:ivycache/https/repo1.maven.org/maven2/org/glassfish/javax.json/1.0.4/javax.json-1.0.4.jar org.antlr.v4.Tool -o build/firrtl/antlr -visitor -no-listener -package firrtl.antlr firrtl/src/main/antlr4/FIRRTL.g4
/usr/bin/modulecmd bash load
api-scala-sifive/bloop_wake -t build/api-scala-sifive/bloop/chisel3Macros.json.template -c build/api-scala-sifive/bloop/chisel3Macros.json -b scala --coursier-cache ivycache --bloop-args 'compile -c build/api-scala-sifive/bloop chisel3Macros' --jar build/chisel3Macros/scala-2.12/jar/chisel3Macros.jar
api-scala-sifive/bloop_wake -t build/api-scala-sifive/bloop/api-config-chipsalliance.json.template -c build/api-scala-sifive/bloop/api-config-chipsalliance.json -b scala --coursier-cache ivycache --bloop-args 'compile -c build/api-scala-sifive/bloop api-config-chipsalliance' --jar build/api-config-chipsalliance/scala-2.12/jar/api-config-chipsalliance.jar
api-scala-sifive/bloop_wake -t build/api-scala-sifive/bloop/rocketchipMacros.json.template -c build/api-scala-sifive/bloop/rocketchipMacros.json -b scala --coursier-cache ivycache --bloop-args 'compile -c build/api-scala-sifive/bloop rocketchipMacros' --jar build/rocketchipMacros/scala-2.12/jar/rocketchipMacros.jar
api-scala-sifive/bloop_wake -t build/api-scala-sifive/bloop/firrtl.json.template -c build/api-scala-sifive/bloop/firrtl.json -b scala --coursier-cache ivycache --bloop-args 'compile -c build/api-scala-sifive/bloop firrtl' --jar build/firrtl/scala-2.12/jar/firrtl.jar
api-scala-sifive/bloop_wake -t build/api-scala-sifive/bloop/chisel3Frontend.json.template -c build/api-scala-sifive/bloop/chisel3Frontend.json -b scala --coursier-cache ivycache --bloop-args 'compile -c build/api-scala-sifive/bloop chisel3Frontend' --jar build/chisel3Frontend/scala-2.12/jar/chisel3Frontend.jar
api-scala-sifive/bloop_wake -t build/api-scala-sifive/bloop/listBlackBoxes.json.template -c build/api-scala-sifive/bloop/listBlackBoxes.json -b scala --coursier-cache ivycache --bloop-args 'compile -c build/api-scala-sifive/bloop listBlackBoxes' --jar build/listBlackBoxes/scala-2.12/jar/listBlackBoxes.jar
api-scala-sifive/bloop_wake -t build/api-scala-sifive/bloop/chisel3.json.template -c build/api-scala-sifive/bloop/chisel3.json -b scala --coursier-cache ivycache --bloop-args 'compile -c build/api-scala-sifive/bloop chisel3' --jar build/chisel3/scala-2.12/jar/chisel3.jar
api-scala-sifive/bloop_wake -t build/api-scala-sifive/bloop/hardfloat.json.template -c build/api-scala-sifive/bloop/hardfloat.json -b scala --coursier-cache ivycache --bloop-args 'compile -c build/api-scala-sifive/bloop hardfloat' --jar build/hardfloat/scala-2.12/jar/hardfloat.jar
api-scala-sifive/bloop_wake -t build/api-scala-sifive/bloop/rocketchip.json.template -c build/api-scala-sifive/bloop/rocketchip.json -b scala --coursier-cache ivycache --bloop-args 'compile -c build/api-scala-sifive/bloop rocketchip' --jar build/rocketchip/scala-2.12/jar/rocketchip.jar
api-scala-sifive/bloop_wake -t build/api-scala-sifive/bloop/sifiveBlocks.json.template -c build/api-scala-sifive/bloop/sifiveBlocks.json -b scala --coursier-cache ivycache --bloop-args 'compile -c build/api-scala-sifive/bloop sifiveBlocks' --jar build/sifiveBlocks/scala-2.12/jar/sifiveBlocks.jar
api-scala-sifive/bloop_wake -t build/api-scala-sifive/bloop/sifiveSkeleton.json.template -c build/api-scala-sifive/bloop/sifiveSkeleton.json -b scala --coursier-cache ivycache --bloop-args 'compile -c build/api-scala-sifive/bloop sifiveSkeleton' --jar build/sifiveSkeleton/scala-2.12/jar/sifiveSkeleton.jar
api-scala-sifive/bloop_wake -t build/api-scala-sifive/bloop/omc.json.template -c build/api-scala-sifive/bloop/omc.json -b scala --coursier-cache ivycache --bloop-args 'compile -c build/api-scala-sifive/bloop omc' --jar build/omc/scala-2.12/jar/omc.jar
api-scala-sifive/bloop_wake -t build/api-scala-sifive/bloop/omcDUT.json.template -c build/api-scala-sifive/bloop/omcDUT.json -b scala --coursier-cache ivycache --bloop-args 'compile -c build/api-scala-sifive/bloop omcDUT' --jar build/omcDUT/scala-2.12/jar/omcDUT.jar
cd rocket-chip; /usr/bin/java -cp ../build/omcDUT/scala-2.12/jar/omcDUT.jar:../build/api-config-chipsalliance/scala-2.12/jar/api-config-chipsalliance.jar:../build/chisel3/scala-2.12/jar/chisel3.jar:../build/chisel3Frontend/scala-2.12/jar/chisel3Frontend.jar:../build/chisel3Macros/scala-2.12/jar/chisel3Macros.jar:../build/firrtl/scala-2.12/jar/firrtl.jar:../build/hardfloat/scala-2.12/jar/hardfloat.jar:../build/listBlackBoxes/scala-2.12/jar/listBlackBoxes.jar:../build/omc/scala-2.12/jar/omc.jar:../build/rocketchip/scala-2.12/jar/rocketchip.jar:../build/rocketchipMacros/scala-2.12/jar/rocketchipMacros.jar:../build/sifiveBlocks/scala-2.12/jar/sifiveBlocks.jar:../build/sifiveSkeleton/scala-2.12/jar/sifiveSkeleton.jar:../ivycache/https/repo1.maven.org/maven2/ch/qos/logback/logback-classic/1.2.3/logback-classic-1.2.3.jar:../ivycache/https/repo1.maven.org/maven2/ch/qos/logback/logback-core/1.2.3/logback-core-1.2.3.jar:../ivycache/https/repo1.maven.org/maven2/com/fasterxml/jackson/core/jackson-annotations/2.8.0/jackson-annotations-2.8.0.jar:../ivycache/https/repo1.maven.org/maven2/com/fasterxml/jackson/core/jackson-core/2.8.4/jackson-core-2.8.4.jar:../ivycache/https/repo1.maven.org/maven2/com/fasterxml/jackson/core/jackson-databind/2.8.4/jackson-databind-2.8.4.jar:../ivycache/https/repo1.maven.org/maven2/com/github/nscala-time/nscala-time_2.12/2.22.0/nscala-time_2.12-2.22.0.jar:../ivycache/https/repo1.maven.org/maven2/com/github/scopt/scopt_2.12/3.7.1/scopt_2.12-3.7.1.jar:../ivycache/https/repo1.maven.org/maven2/com/google/protobuf/protobuf-java/3.5.0/protobuf-java-3.5.0.jar:../ivycache/https/repo1.maven.org/maven2/com/thoughtworks/paranamer/paranamer/2.8/paranamer-2.8.jar:../ivycache/https/repo1.maven.org/maven2/com/typesafe/scala-logging/scala-logging_2.12/3.9.0/scala-logging_2.12-3.9.0.jar:../ivycache/https/repo1.maven.org/maven2/joda-time/joda-time/2.10.1/joda-time-2.10.1.jar:../ivycache/https/repo1.maven.org/maven2/net/jcazevedo/moultingyaml_2.12/0.4.1/moultingyaml_2.12-0.4.1.jar:../ivycache/https/repo1.maven.org/maven2/org/antlr/antlr4-runtime/4.7.2/antlr4-runtime-4.7.2.jar:../ivycache/https/repo1.maven.org/maven2/org/apache/commons/commons-lang3/3.9/commons-lang3-3.9.jar:../ivycache/https/repo1.maven.org/maven2/org/apache/commons/commons-text/1.7/commons-text-1.7.jar:../ivycache/https/repo1.maven.org/maven2/org/joda/joda-convert/2.2.0/joda-convert-2.2.0.jar:../ivycache/https/repo1.maven.org/maven2/org/json4s/json4s-ast_2.12/3.6.7/json4s-ast_2.12-3.6.7.jar:../ivycache/https/repo1.maven.org/maven2/org/json4s/json4s-core_2.12/3.6.7/json4s-core_2.12-3.6.7.jar:../ivycache/https/repo1.maven.org/maven2/org/json4s/json4s-jackson_2.12/3.5.3/json4s-jackson_2.12-3.5.3.jar:../ivycache/https/repo1.maven.org/maven2/org/json4s/json4s-native_2.12/3.6.7/json4s-native_2.12-3.6.7.jar:../ivycache/https/repo1.maven.org/maven2/org/json4s/json4s-scalap_2.12/3.6.7/json4s-scalap_2.12-3.6.7.jar:../ivycache/https/repo1.maven.org/maven2/org/scala-lang/modules/scala-xml_2.12/1.0.6/scala-xml_2.12-1.0.6.jar:../ivycache/https/repo1.maven.org/maven2/org/scala-lang/scala-compiler/2.12.8/scala-compiler-2.12.8.jar:../ivycache/https/repo1.maven.org/maven2/org/scala-lang/scala-library/2.12.8/scala-library-2.12.8.jar:../ivycache/https/repo1.maven.org/maven2/org/scala-lang/scala-reflect/2.12.8/scala-reflect-2.12.8.jar:../ivycache/https/repo1.maven.org/maven2/org/slf4j/slf4j-api/1.7.25/slf4j-api-1.7.25.jar:../ivycache/https/repo1.maven.org/maven2/org/yaml/snakeyaml/1.24/snakeyaml-1.24.jar freechips.rocketchip.system.Generator ../build/api-generator-sifive/omcDUT/firrtl _root_ sifive.skeleton.SkeletonTestHarness _root_ sifive.skeleton.DefaultConfig_sifive.skeleton.WithSimUART_sifive.skeleton.WithTestFinisher_samsung.com.blocks.omc.WithomcTop
rocket-chip/scripts/vlsi_rom_gen build/api-generator-sifive/omcDUT/firrtl/_root_.sifive.skeleton.DefaultConfig_sifive.skeleton.WithSimUART_sifive.skeleton.WithTestFinisher_samsung.com.blocks.omc.WithomcTop.rom.conf 
/usr/bin/java -Xmx2G -Xss8M -cp build/omcDUT/scala-2.12/jar/omcDUT.jar:build/api-config-chipsalliance/scala-2.12/jar/api-config-chipsalliance.jar:build/chisel3/scala-2.12/jar/chisel3.jar:build/chisel3Frontend/scala-2.12/jar/chisel3Frontend.jar:build/chisel3Macros/scala-2.12/jar/chisel3Macros.jar:build/firrtl/scala-2.12/jar/firrtl.jar:build/hardfloat/scala-2.12/jar/hardfloat.jar:build/listBlackBoxes/scala-2.12/jar/listBlackBoxes.jar:build/omc/scala-2.12/jar/omc.jar:build/rocketchip/scala-2.12/jar/rocketchip.jar:build/rocketchipMacros/scala-2.12/jar/rocketchipMacros.jar:build/sifiveBlocks/scala-2.12/jar/sifiveBlocks.jar:build/sifiveSkeleton/scala-2.12/jar/sifiveSkeleton.jar:ivycache/https/repo1.maven.org/maven2/ch/qos/logback/logback-classic/1.2.3/logback-classic-1.2.3.jar:ivycache/https/repo1.maven.org/maven2/ch/qos/logback/logback-core/1.2.3/logback-core-1.2.3.jar:ivycache/https/repo1.maven.org/maven2/com/fasterxml/jackson/core/jackson-annotations/2.8.0/jackson-annotations-2.8.0.jar:ivycache/https/repo1.maven.org/maven2/com/fasterxml/jackson/core/jackson-core/2.8.4/jackson-core-2.8.4.jar:ivycache/https/repo1.maven.org/maven2/com/fasterxml/jackson/core/jackson-databind/2.8.4/jackson-databind-2.8.4.jar:ivycache/https/repo1.maven.org/maven2/com/github/nscala-time/nscala-time_2.12/2.22.0/nscala-time_2.12-2.22.0.jar:ivycache/https/repo1.maven.org/maven2/com/github/scopt/scopt_2.12/3.7.1/scopt_2.12-3.7.1.jar:ivycache/https/repo1.maven.org/maven2/com/google/protobuf/protobuf-java/3.5.0/protobuf-java-3.5.0.jar:ivycache/https/repo1.maven.org/maven2/com/thoughtworks/paranamer/paranamer/2.8/paranamer-2.8.jar:ivycache/https/repo1.maven.org/maven2/com/typesafe/scala-logging/scala-logging_2.12/3.9.0/scala-logging_2.12-3.9.0.jar:ivycache/https/repo1.maven.org/maven2/joda-time/joda-time/2.10.1/joda-time-2.10.1.jar:ivycache/https/repo1.maven.org/maven2/net/jcazevedo/moultingyaml_2.12/0.4.1/moultingyaml_2.12-0.4.1.jar:ivycache/https/repo1.maven.org/maven2/org/antlr/antlr4-runtime/4.7.2/antlr4-runtime-4.7.2.jar:ivycache/https/repo1.maven.org/maven2/org/apache/commons/commons-lang3/3.9/commons-lang3-3.9.jar:ivycache/https/repo1.maven.org/maven2/org/apache/commons/commons-text/1.7/commons-text-1.7.jar:ivycache/https/repo1.maven.org/maven2/org/joda/joda-convert/2.2.0/joda-convert-2.2.0.jar:ivycache/https/repo1.maven.org/maven2/org/json4s/json4s-ast_2.12/3.6.7/json4s-ast_2.12-3.6.7.jar:ivycache/https/repo1.maven.org/maven2/org/json4s/json4s-core_2.12/3.6.7/json4s-core_2.12-3.6.7.jar:ivycache/https/repo1.maven.org/maven2/org/json4s/json4s-jackson_2.12/3.5.3/json4s-jackson_2.12-3.5.3.jar:ivycache/https/repo1.maven.org/maven2/org/json4s/json4s-native_2.12/3.6.7/json4s-native_2.12-3.6.7.jar:ivycache/https/repo1.maven.org/maven2/org/json4s/json4s-scalap_2.12/3.6.7/json4s-scalap_2.12-3.6.7.jar:ivycache/https/repo1.maven.org/maven2/org/scala-lang/modules/scala-xml_2.12/1.0.6/scala-xml_2.12-1.0.6.jar:ivycache/https/repo1.maven.org/maven2/org/scala-lang/scala-compiler/2.12.8/scala-compiler-2.12.8.jar:ivycache/https/repo1.maven.org/maven2/org/scala-lang/scala-library/2.12.8/scala-library-2.12.8.jar:ivycache/https/repo1.maven.org/maven2/org/scala-lang/scala-reflect/2.12.8/scala-reflect-2.12.8.jar:ivycache/https/repo1.maven.org/maven2/org/slf4j/slf4j-api/1.7.25/slf4j-api-1.7.25.jar:ivycache/https/repo1.maven.org/maven2/org/yaml/snakeyaml/1.24/snakeyaml-1.24.jar firrtl.Driver -i build/api-generator-sifive/omcDUT/firrtl/_root_.sifive.skeleton.DefaultConfig_sifive.skeleton.WithSimUART_sifive.skeleton.WithTestFinisher_samsung.com.blocks.omc.WithomcTop.fir -tn SkeletonTestHarness -td build/api-generator-sifive/omcDUT/verilog --infer-rw SkeletonTestHarness -faf build/api-generator-sifive/omcDUT/firrtl/_root_.sifive.skeleton.DefaultConfig_sifive.skeleton.WithSimUART_sifive.skeleton.WithTestFinisher_samsung.com.blocks.omc.WithomcTop.anno.json -faf build/api-generator-sifive/omcDUT/firrtl/cmdline_annos.json --repl-seq-mem -c:SkeletonTestHarness:-o:build/api-generator-sifive/omcDUT/firrtl/behav_srams.conf -ll info --info-mode ignore --split-modules -fct sifive.freedom.firrtl.ListBlackBoxesTransform
cd freedom-devicetree-tools; scripts/autoconf_wrapper --configure-args= --install-dir=../build/freedom-devicetree-tools
/usr/bin/dtc build/api-generator-sifive/omcDUT/firrtl/_root_.sifive.skeleton.DefaultConfig_sifive.skeleton.WithSimUART_sifive.skeleton.WithTestFinisher_samsung.com.blocks.omc.WithomcTop_fixed.dts -o build/freedom-metal/omcDUT/omcDUT.dtb -I dts -O dtb
+ for i in '"$@"'
+ case $i in
+ CONFIGURE_ARGS=
+ shift
+ for i in '"$@"'
+ case $i in
+ INSTALL_DIR=../build/freedom-devicetree-tools
+ shift
+ autoreconf -i
+ ./configure --prefix=
+ make
++ pwd
+ make DESTDIR=/home/ryan/WORKs/01__Sesame/01__IPOnboarding/workspace_ctrl/freedom-devicetree-tools/../build/freedom-devicetree-tools install
build/freedom-devicetree-tools/bin/freedom-makeattributes-generator -d build/freedom-metal/omcDUT/omcDUT.dtb -o build/freedom-metal/omcDUT/omcDUT.conf
build/freedom-devicetree-tools/bin/freedom-metal_header-generator -d build/freedom-metal/omcDUT/omcDUT.dtb -o build/freedom-metal/omcDUT/omcDUT.h
build/freedom-devicetree-tools/bin/freedom-ldscript-generator -d build/freedom-metal/omcDUT/omcDUT.dtb -l build/freedom-metal/omcDUT/omcDUT.lds
build/freedom-devicetree-tools/bin/freedom-bare_header-generator -d build/freedom-metal/omcDUT/omcDUT.dtb -o build/freedom-metal/omcDUT/omcDUT-platform.h
rsync -r --exclude freedom-metal/doc --exclude freedom-metal/.git --exclude '*.wake' freedom-metal build/freedom-metal/omcDUT
/usr/bin/modulecmd bash load riscv-tools/2019.05.0
Loading module for riscv-tools 2019.05.3 instead of 2019.05.0
cd build/freedom-metal/omcDUT/freedom-metal; ../../../../freedom-metal/scripts/autoconf_wrapper riscv64-unknown-elf omcDUT ../omcDUT.h ../omcDUT-inline.h ../omcDUT-platform.h ../omcDUT.lds ..
+ set -e
+ '[' 7 -ne 7 ']'
+ host=riscv64-unknown-elf
+ machine_name=omcDUT
+ machine_header=../omcDUT.h
+ machine_inline=../omcDUT-inline.h
+ platform_header=../omcDUT-platform.h
+ machine_ldscript=../omcDUT.lds
+ install_dir=..
++ pwd
+ machine_header=/home/ryan/WORKs/01__Sesame/01__IPOnboarding/workspace_ctrl/build/freedom-metal/omcDUT/freedom-metal/../omcDUT.h
++ pwd
+ machine_inline=/home/ryan/WORKs/01__Sesame/01__IPOnboarding/workspace_ctrl/build/freedom-metal/omcDUT/freedom-metal/../omcDUT-inline.h
++ pwd
+ platform_header=/home/ryan/WORKs/01__Sesame/01__IPOnboarding/workspace_ctrl/build/freedom-metal/omcDUT/freedom-metal/../omcDUT-platform.h
++ pwd
+ machine_ldscript=/home/ryan/WORKs/01__Sesame/01__IPOnboarding/workspace_ctrl/build/freedom-metal/omcDUT/freedom-metal/../omcDUT.lds
++ pwd
+ install_dir=/home/ryan/WORKs/01__Sesame/01__IPOnboarding/workspace_ctrl/build/freedom-metal/omcDUT/freedom-metal/..
+ export RISCV_PATH=/sifive/tools/riscv-tools/riscv64-unknown-elf-gcc-8.2.0-2019.05.3-x86_64-linux-centos6
+ RISCV_PATH=/sifive/tools/riscv-tools/riscv64-unknown-elf-gcc-8.2.0-2019.05.3-x86_64-linux-centos6
+ autoreconf -i
+ ./configure --host=riscv64-unknown-elf --disable-maintainer-mode --with-preconfigured --with-machine-inline --with-platform-header --with-machine-name=omcDUT --with-machine-header=/home/ryan/WORKs/01__Sesame/01__IPOnboarding/workspace_ctrl/build/freedom-metal/omcDUT/freedom-metal/../omcDUT.h --with-machine-inline=/home/ryan/WORKs/01__Sesame/01__IPOnboarding/workspace_ctrl/build/freedom-metal/omcDUT/freedom-metal/../omcDUT-inline.h --with-platform-header=/home/ryan/WORKs/01__Sesame/01__IPOnboarding/workspace_ctrl/build/freedom-metal/omcDUT/freedom-metal/../omcDUT-platform.h --with-machine-ldscript=/home/ryan/WORKs/01__Sesame/01__IPOnboarding/workspace_ctrl/build/freedom-metal/omcDUT/freedom-metal/../omcDUT.lds --with-builtin-libgloss --prefix=
+ make 'RANLIB=riscv64-unknown-elf-ranlib -D' ARFLAGS=Dcr
+ make 'RANLIB=riscv64-unknown-elf-ranlib -D' ARFLAGS=Dcr DESTDIR=/home/ryan/WORKs/01__Sesame/01__IPOnboarding/workspace_ctrl/build/freedom-metal/omcDUT/freedom-metal/.. install
/usr/bin/modulecmd bash load riscv-tools/2019.05.0
Loading module for riscv-tools 2019.05.3 instead of 2019.05.0
riscv64-unknown-elf-gcc -march=rv64imafdc -mabi=lp64d -mcmodel=medany -Ibuild/freedom-metal/omcDUT/include -o build/api-generator-sifive/omcDUT/programs/demo/demo.elf block-lpddr4_ctrl-samsung/tests/demo/main.c -Wa,-march=rv64imafdc -Wa,-mabi=lp64d -Wa,-Ibuild/freedom-metal/omcDUT/include -Tbuild/freedom-metal/omcDUT/omcDUT.lds -Wl,--start-group -nostartfiles -nostdlib -Lbuild/freedom-metal/omcDUT/lib -lc -lgcc -lriscv__mmachine__omcDUT -lriscv__menv__metal -Wl,--end-group
riscv64-unknown-elf-objcopy -O binary build/api-generator-sifive/omcDUT/programs/demo/demo.elf build/api-generator-sifive/omcDUT/programs/demo/demo.bin
api-generator-sifive/scripts/bin2hex --bit-width=64 build/api-generator-sifive/omcDUT/programs/demo/demo.bin build/api-generator-sifive/omcDUT/bootloader/demo.hex
rocket-chip/scripts/vlsi_mem_gen -o build/api-generator-sifive/omcDUT/verilog/omcDUT.behav_srams.v build/api-generator-sifive/omcDUT/firrtl/behav_srams.conf

===== TEST RESULTS =====
- test: demo
  msg: FAILED: block-lpddr4_ctrl-samsung/rtl/lpddr4_ctrl/vcs/ORBIT_interface.svp: not a source file

/usr/bin/modulecmd bash load synopsys/vcs/P-2019.06-SP1
Loading module for Synopsys VCS P-2019.06-SP1.
Fail "Some tests failed"
