'<ivycache>' ivycache
/usr/bin/modulecmd bash -t avail
/usr/bin/modulecmd bash load google/protobuf/3.5.1
Loading module for protobuf 3.5.1
protoc --java_out=build/firrtl/proto firrtl/src/main/proto/firrtl.proto
/usr/bin/modulecmd bash load
scala/coursier fetch -q --cache ivycache -m offline org.scala-lang:scala-compiler:2.12.8 com.typesafe.scala-logging:scala-logging_2.12:3.9.0 net.jcazevedo:moultingyaml_2.12:0.4.0
scala/coursier fetch -q --cache ivycache -m offline org.antlr:antlr4:4.7.2
scala/coursier fetch -q --cache ivycache -m offline org.scala-lang:scala-compiler:2.12.8 org.scala-lang:scala-reflect:2.12.8 com.typesafe.scala-logging:scala-logging_2.12:3.9.0 net.jcazevedo:moultingyaml_2.12:0.4.0 ch.qos.logback:logback-classic:1.2.3 com.github.scopt:scopt_2.12:3.7.1 net.jcazevedo:moultingyaml_2.12:0.4.1 org.json4s:json4s-native_2.12:3.6.7 org.antlr:antlr4-runtime:4.7.2 org.apache.commons:commons-text:1.7 com.google.protobuf:protobuf-java:3.5.0 org.json4s:json4s-jackson_2.12:3.5.3
scala/coursier fetch -q --cache ivycache -m offline org.scala-lang:scala-compiler:2.12.8 org.json4s:json4s-jackson_2.12:3.5.3 org.scala-lang:scala-reflect:2.12.8 com.typesafe.scala-logging:scala-logging_2.12:3.9.0 net.jcazevedo:moultingyaml_2.12:0.4.0 ch.qos.logback:logback-classic:1.2.3 com.github.scopt:scopt_2.12:3.7.1 net.jcazevedo:moultingyaml_2.12:0.4.1 org.json4s:json4s-native_2.12:3.6.7 org.antlr:antlr4-runtime:4.7.2 org.apache.commons:commons-text:1.7 com.google.protobuf:protobuf-java:3.5.0
scala/coursier fetch -q --cache ivycache -m offline org.scala-lang:scala-compiler:2.12.8
scala/coursier fetch -q --cache ivycache -m offline org.scala-lang:scala-compiler:2.12.8 com.typesafe.scala-logging:scala-logging_2.12:3.9.0 ch.qos.logback:logback-classic:1.2.3 com.github.scopt:scopt_2.12:3.7.1 net.jcazevedo:moultingyaml_2.12:0.4.1 org.json4s:json4s-native_2.12:3.6.7 org.antlr:antlr4-runtime:4.7.2 org.apache.commons:commons-text:1.7 com.google.protobuf:protobuf-java:3.5.0
scala/coursier fetch -q --cache ivycache -m offline org.scala-lang:scala-compiler:2.12.8 org.scala-lang:scala-reflect:2.12.8
scala/coursier fetch -q --cache ivycache -m offline org.scala-lang:scala-compiler:2.12.8 org.scala-lang:scala-reflect:2.12.8 com.typesafe.scala-logging:scala-logging_2.12:3.9.0 net.jcazevedo:moultingyaml_2.12:0.4.0 ch.qos.logback:logback-classic:1.2.3 com.github.scopt:scopt_2.12:3.7.1 net.jcazevedo:moultingyaml_2.12:0.4.1 org.json4s:json4s-native_2.12:3.6.7 org.antlr:antlr4-runtime:4.7.2 org.apache.commons:commons-text:1.7 com.google.protobuf:protobuf-java:3.5.0
/usr/bin/java -cp ivycache/https/repo1.maven.org/maven2/com/ibm/icu/icu4j/61.1/icu4j-61.1.jar:ivycache/https/repo1.maven.org/maven2/org/abego/treelayout/org.abego.treelayout.core/1.0.3/org.abego.treelayout.core-1.0.3.jar:ivycache/https/repo1.maven.org/maven2/org/antlr/ST4/4.1/ST4-4.1.jar:ivycache/https/repo1.maven.org/maven2/org/antlr/antlr-runtime/3.5.2/antlr-runtime-3.5.2.jar:ivycache/https/repo1.maven.org/maven2/org/antlr/antlr4-runtime/4.7.2/antlr4-runtime-4.7.2.jar:ivycache/https/repo1.maven.org/maven2/org/antlr/antlr4/4.7.2/antlr4-4.7.2.jar:ivycache/https/repo1.maven.org/maven2/org/glassfish/javax.json/1.0.4/javax.json-1.0.4.jar org.antlr.v4.Tool -o build/firrtl/antlr -visitor -no-listener -package firrtl.antlr firrtl/src/main/antlr4/FIRRTL.g4
/usr/bin/modulecmd bash load
api-scala-sifive/bloop_wake -t build/api-scala-sifive/bloop/rocketchipMacros.json.template -c build/api-scala-sifive/bloop/rocketchipMacros.json -b scala --coursier-cache ivycache --bloop-args 'compile -c build/api-scala-sifive/bloop rocketchipMacros' --jar build/rocketchipMacros/scala-2.12/jar/rocketchipMacros.jar
api-scala-sifive/bloop_wake -t build/api-scala-sifive/bloop/api-config-chipsalliance.json.template -c build/api-scala-sifive/bloop/api-config-chipsalliance.json -b scala --coursier-cache ivycache --bloop-args 'compile -c build/api-scala-sifive/bloop api-config-chipsalliance' --jar build/api-config-chipsalliance/scala-2.12/jar/api-config-chipsalliance.jar
api-scala-sifive/bloop_wake -t build/api-scala-sifive/bloop/chisel3Macros.json.template -c build/api-scala-sifive/bloop/chisel3Macros.json -b scala --coursier-cache ivycache --bloop-args 'compile -c build/api-scala-sifive/bloop chisel3Macros' --jar build/chisel3Macros/scala-2.12/jar/chisel3Macros.jar
api-scala-sifive/bloop_wake -t build/api-scala-sifive/bloop/firrtl.json.template -c build/api-scala-sifive/bloop/firrtl.json -b scala --coursier-cache ivycache --bloop-args 'compile -c build/api-scala-sifive/bloop firrtl' --jar build/firrtl/scala-2.12/jar/firrtl.jar
api-scala-sifive/bloop_wake -t build/api-scala-sifive/bloop/chisel3Frontend.json.template -c build/api-scala-sifive/bloop/chisel3Frontend.json -b scala --coursier-cache ivycache --bloop-args 'compile -c build/api-scala-sifive/bloop chisel3Frontend' --jar build/chisel3Frontend/scala-2.12/jar/chisel3Frontend.jar
api-scala-sifive/bloop_wake -t build/api-scala-sifive/bloop/listBlackBoxes.json.template -c build/api-scala-sifive/bloop/listBlackBoxes.json -b scala --coursier-cache ivycache --bloop-args 'compile -c build/api-scala-sifive/bloop listBlackBoxes' --jar build/listBlackBoxes/scala-2.12/jar/listBlackBoxes.jar
api-scala-sifive/bloop_wake -t build/api-scala-sifive/bloop/chisel3.json.template -c build/api-scala-sifive/bloop/chisel3.json -b scala --coursier-cache ivycache --bloop-args 'compile -c build/api-scala-sifive/bloop chisel3' --jar build/chisel3/scala-2.12/jar/chisel3.jar
api-scala-sifive/bloop_wake -t build/api-scala-sifive/bloop/hardfloat.json.template -c build/api-scala-sifive/bloop/hardfloat.json -b scala --coursier-cache ivycache --bloop-args 'compile -c build/api-scala-sifive/bloop hardfloat' --jar build/hardfloat/scala-2.12/jar/hardfloat.jar
api-scala-sifive/bloop_wake -t build/api-scala-sifive/bloop/rocketchip.json.template -c build/api-scala-sifive/bloop/rocketchip.json -b scala --coursier-cache ivycache --bloop-args 'compile -c build/api-scala-sifive/bloop rocketchip' --jar build/rocketchip/scala-2.12/jar/rocketchip.jar
api-scala-sifive/bloop_wake -t build/api-scala-sifive/bloop/sifiveBlocks.json.template -c build/api-scala-sifive/bloop/sifiveBlocks.json -b scala --coursier-cache ivycache --bloop-args 'compile -c build/api-scala-sifive/bloop sifiveBlocks' --jar build/sifiveBlocks/scala-2.12/jar/sifiveBlocks.jar
api-scala-sifive/bloop_wake -t build/api-scala-sifive/bloop/sifiveSkeleton.json.template -c build/api-scala-sifive/bloop/sifiveSkeleton.json -b scala --coursier-cache ivycache --bloop-args 'compile -c build/api-scala-sifive/bloop sifiveSkeleton' --jar build/sifiveSkeleton/scala-2.12/jar/sifiveSkeleton.jar
api-scala-sifive/bloop_wake -t build/api-scala-sifive/bloop/omc.json.template -c build/api-scala-sifive/bloop/omc.json -b scala --coursier-cache ivycache --bloop-args 'compile -c build/api-scala-sifive/bloop omc' --jar build/omc/scala-2.12/jar/omc.jar
api-scala-sifive/bloop_wake -t build/api-scala-sifive/bloop/omcDUT.json.template -c build/api-scala-sifive/bloop/omcDUT.json -b scala --coursier-cache ivycache --bloop-args 'compile -c build/api-scala-sifive/bloop omcDUT' --jar build/omcDUT/scala-2.12/jar/omcDUT.jar
cd rocket-chip; /usr/bin/java -cp ../build/omcDUT/scala-2.12/jar/omcDUT.jar:../build/api-config-chipsalliance/scala-2.12/jar/api-config-chipsalliance.jar:../build/chisel3/scala-2.12/jar/chisel3.jar:../build/chisel3Frontend/scala-2.12/jar/chisel3Frontend.jar:../build/chisel3Macros/scala-2.12/jar/chisel3Macros.jar:../build/firrtl/scala-2.12/jar/firrtl.jar:../build/hardfloat/scala-2.12/jar/hardfloat.jar:../build/listBlackBoxes/scala-2.12/jar/listBlackBoxes.jar:../build/omc/scala-2.12/jar/omc.jar:../build/rocketchip/scala-2.12/jar/rocketchip.jar:../build/rocketchipMacros/scala-2.12/jar/rocketchipMacros.jar:../build/sifiveBlocks/scala-2.12/jar/sifiveBlocks.jar:../build/sifiveSkeleton/scala-2.12/jar/sifiveSkeleton.jar:../ivycache/https/repo1.maven.org/maven2/ch/qos/logback/logback-classic/1.2.3/logback-classic-1.2.3.jar:../ivycache/https/repo1.maven.org/maven2/ch/qos/logback/logback-core/1.2.3/logback-core-1.2.3.jar:../ivycache/https/repo1.maven.org/maven2/com/fasterxml/jackson/core/jackson-annotations/2.8.0/jackson-annotations-2.8.0.jar:../ivycache/https/repo1.maven.org/maven2/com/fasterxml/jackson/core/jackson-core/2.8.4/jackson-core-2.8.4.jar:../ivycache/https/repo1.maven.org/maven2/com/fasterxml/jackson/core/jackson-databind/2.8.4/jackson-databind-2.8.4.jar:../ivycache/https/repo1.maven.org/maven2/com/github/nscala-time/nscala-time_2.12/2.22.0/nscala-time_2.12-2.22.0.jar:../ivycache/https/repo1.maven.org/maven2/com/github/scopt/scopt_2.12/3.7.1/scopt_2.12-3.7.1.jar:../ivycache/https/repo1.maven.org/maven2/com/google/protobuf/protobuf-java/3.5.0/protobuf-java-3.5.0.jar:../ivycache/https/repo1.maven.org/maven2/com/thoughtworks/paranamer/paranamer/2.8/paranamer-2.8.jar:../ivycache/https/repo1.maven.org/maven2/com/typesafe/scala-logging/scala-logging_2.12/3.9.0/scala-logging_2.12-3.9.0.jar:../ivycache/https/repo1.maven.org/maven2/joda-time/joda-time/2.10.1/joda-time-2.10.1.jar:../ivycache/https/repo1.maven.org/maven2/net/jcazevedo/moultingyaml_2.12/0.4.1/moultingyaml_2.12-0.4.1.jar:../ivycache/https/repo1.maven.org/maven2/org/antlr/antlr4-runtime/4.7.2/antlr4-runtime-4.7.2.jar:../ivycache/https/repo1.maven.org/maven2/org/apache/commons/commons-lang3/3.9/commons-lang3-3.9.jar:../ivycache/https/repo1.maven.org/maven2/org/apache/commons/commons-text/1.7/commons-text-1.7.jar:../ivycache/https/repo1.maven.org/maven2/org/joda/joda-convert/2.2.0/joda-convert-2.2.0.jar:../ivycache/https/repo1.maven.org/maven2/org/json4s/json4s-ast_2.12/3.6.7/json4s-ast_2.12-3.6.7.jar:../ivycache/https/repo1.maven.org/maven2/org/json4s/json4s-core_2.12/3.6.7/json4s-core_2.12-3.6.7.jar:../ivycache/https/repo1.maven.org/maven2/org/json4s/json4s-jackson_2.12/3.5.3/json4s-jackson_2.12-3.5.3.jar:../ivycache/https/repo1.maven.org/maven2/org/json4s/json4s-native_2.12/3.6.7/json4s-native_2.12-3.6.7.jar:../ivycache/https/repo1.maven.org/maven2/org/json4s/json4s-scalap_2.12/3.6.7/json4s-scalap_2.12-3.6.7.jar:../ivycache/https/repo1.maven.org/maven2/org/scala-lang/modules/scala-xml_2.12/1.0.6/scala-xml_2.12-1.0.6.jar:../ivycache/https/repo1.maven.org/maven2/org/scala-lang/scala-compiler/2.12.8/scala-compiler-2.12.8.jar:../ivycache/https/repo1.maven.org/maven2/org/scala-lang/scala-library/2.12.8/scala-library-2.12.8.jar:../ivycache/https/repo1.maven.org/maven2/org/scala-lang/scala-reflect/2.12.8/scala-reflect-2.12.8.jar:../ivycache/https/repo1.maven.org/maven2/org/slf4j/slf4j-api/1.7.25/slf4j-api-1.7.25.jar:../ivycache/https/repo1.maven.org/maven2/org/yaml/snakeyaml/1.24/snakeyaml-1.24.jar freechips.rocketchip.system.Generator ../build/api-generator-sifive/omcDUT/firrtl _root_ sifive.skeleton.SkeletonTestHarness _root_ sifive.skeleton.DefaultConfig_sifive.skeleton.WithSimUART_sifive.skeleton.WithTestFinisher_samsung.com.blocks.omc.WithomcTop
Exception in thread "main" java.lang.IllegalArgumentException: requirement failed: Diplomacy error: regmap.controlNode (A sink node with parent 'regmap/omc_top/dut/top' at  (omc.scala:59:26)) has 1 != 0 up/down inner parameters
	at scala.Predef$.require(Predef.scala:281)
	at freechips.rocketchip.diplomacy.MixedNode.liftedTree3$1(Nodes.scala:356)
	at freechips.rocketchip.diplomacy.MixedNode.uiParams$lzycompute(Nodes.scala:352)
	at freechips.rocketchip.diplomacy.MixedNode.uiParams(Nodes.scala:351)
	at freechips.rocketchip.diplomacy.MixedNode.edgesIn$lzycompute(Nodes.scala:364)
	at freechips.rocketchip.diplomacy.MixedNode.edgesIn(Nodes.scala:364)
	at freechips.rocketchip.diplomacy.MixedNode.bundleIn$lzycompute(Nodes.scala:370)
	at freechips.rocketchip.diplomacy.MixedNode.bundleIn(Nodes.scala:370)
	at freechips.rocketchip.diplomacy.MixedNode.in(Nodes.scala:397)
	at freechips.rocketchip.diplomacy.MixedNode.instantiate(Nodes.scala:405)
	at freechips.rocketchip.diplomacy.LazyModuleImpLike.$anonfun$instantiate$3(LazyModule.scala:162)
	at scala.collection.immutable.List.flatMap(List.scala:338)
	at freechips.rocketchip.diplomacy.LazyModuleImpLike.instantiate(LazyModule.scala:162)
	at freechips.rocketchip.diplomacy.LazyModuleImpLike.instantiate$(LazyModule.scala:155)
	at freechips.rocketchip.diplomacy.LazyModuleImp.instantiate(LazyModule.scala:185)
	at freechips.rocketchip.diplomacy.LazyModuleImp.<init>(LazyModule.scala:186)
	at samsung.com.blocks.omc.regmap.CSR.csrAddressBlock.csrAddressBlockRegRouter$$anon$1.<init>(csrAddressBlock-base.scala:477)
	at samsung.com.blocks.omc.regmap.CSR.csrAddressBlock.csrAddressBlockRegRouter.module$lzycompute(csrAddressBlock-base.scala:477)
	at samsung.com.blocks.omc.regmap.CSR.csrAddressBlock.csrAddressBlockRegRouter.module(csrAddressBlock-base.scala:477)
	at samsung.com.blocks.omc.regmap.CSR.csrAddressBlock.csrAddressBlockRegRouter.module(csrAddressBlock-base.scala:441)
	at freechips.rocketchip.diplomacy.LazyModuleImpLike.$anonfun$instantiate$2(LazyModule.scala:158)
	at chisel3.Module$.do_apply(Module.scala:52)
	at freechips.rocketchip.diplomacy.LazyModuleImpLike.$anonfun$instantiate$1(LazyModule.scala:158)
	at scala.collection.immutable.List.flatMap(List.scala:338)
	at freechips.rocketchip.diplomacy.LazyModuleImpLike.instantiate(LazyModule.scala:156)
	at freechips.rocketchip.diplomacy.LazyModuleImpLike.instantiate$(LazyModule.scala:155)
	at freechips.rocketchip.diplomacy.LazyModuleImp.instantiate(LazyModule.scala:185)
	at freechips.rocketchip.diplomacy.LazyModuleImp.<init>(LazyModule.scala:186)
	at samsung.com.blocks.omc.NomcTop$$anon$1.<init>(omc.scala:67)
	at samsung.com.blocks.omc.NomcTop.module$lzycompute(omc.scala:67)
	at samsung.com.blocks.omc.NomcTop.module(omc.scala:67)
	at samsung.com.blocks.omc.NomcTop.module(omc.scala:48)
	at freechips.rocketchip.diplomacy.LazyModuleImpLike.$anonfun$instantiate$2(LazyModule.scala:158)
	at chisel3.Module$.do_apply(Module.scala:52)
	at freechips.rocketchip.diplomacy.LazyModuleImpLike.$anonfun$instantiate$1(LazyModule.scala:158)
	at scala.collection.immutable.List.flatMap(List.scala:338)
	at freechips.rocketchip.diplomacy.LazyModuleImpLike.instantiate(LazyModule.scala:156)
	at freechips.rocketchip.diplomacy.LazyModuleImpLike.instantiate$(LazyModule.scala:155)
	at freechips.rocketchip.diplomacy.LazyModuleImp.instantiate(LazyModule.scala:185)
	at freechips.rocketchip.diplomacy.LazyModuleImp.<init>(LazyModule.scala:186)
	at freechips.rocketchip.subsystem.BareSubsystemModuleImp.<init>(BaseSubsystem.scala:30)
	at freechips.rocketchip.subsystem.BaseSubsystemModuleImp.<init>(BaseSubsystem.scala:112)
	at freechips.rocketchip.subsystem.RocketSubsystemModuleImp.<init>(RocketSubsystem.scala:80)
	at sifive.skeleton.SkeletonDUTModuleImp.<init>(SkeletonDUT.scala:13)
	at sifive.skeleton.SkeletonDUT.module$lzycompute(SkeletonDUT.scala:60)
	at sifive.skeleton.SkeletonDUT.module(SkeletonDUT.scala:60)
	at sifive.skeleton.SkeletonDUT.module(SkeletonDUT.scala:19)
	at freechips.rocketchip.diplomacy.LazyModuleImpLike.$anonfun$instantiate$2(LazyModule.scala:158)
	at chisel3.Module$.do_apply(Module.scala:52)
	at freechips.rocketchip.diplomacy.LazyModuleImpLike.$anonfun$instantiate$1(LazyModule.scala:158)
	at scala.collection.immutable.List.flatMap(List.scala:338)
	at freechips.rocketchip.diplomacy.LazyModuleImpLike.instantiate(LazyModule.scala:156)
	at freechips.rocketchip.diplomacy.LazyModuleImpLike.instantiate$(LazyModule.scala:155)
	at freechips.rocketchip.diplomacy.LazyModuleImp.instantiate(LazyModule.scala:185)
	at freechips.rocketchip.diplomacy.LazyModuleImp.<init>(LazyModule.scala:186)
	at sifive.skeleton.SkeletonTestHarness$$anon$1.<init>(SkeletonTestHarness.scala:12)
	at sifive.skeleton.SkeletonTestHarness.module$lzycompute(SkeletonTestHarness.scala:12)
	at sifive.skeleton.SkeletonTestHarness.module(SkeletonTestHarness.scala:12)
	at sifive.skeleton.SkeletonTestHarness.module(SkeletonTestHarness.scala:9)
	at freechips.rocketchip.util.HasGeneratorUtilities.$anonfun$elaborate$1(GeneratorUtils.scala:57)
	at chisel3.Module$.do_apply(Module.scala:52)
	at chisel3.Driver$.$anonfun$elaborate$1(Driver.scala:93)
	at chisel3.internal.Builder$.$anonfun$build$2(Builder.scala:406)
	at scala.util.DynamicVariable.withValue(DynamicVariable.scala:62)
	at chisel3.internal.Builder$.$anonfun$build$1(Builder.scala:404)
	at scala.util.DynamicVariable.withValue(DynamicVariable.scala:62)
	at chisel3.internal.Builder$.build(Builder.scala:404)
	at chisel3.Driver$.elaborate(Driver.scala:93)
	at freechips.rocketchip.util.HasGeneratorUtilities.elaborate(GeneratorUtils.scala:60)
	at freechips.rocketchip.util.HasGeneratorUtilities.elaborate$(GeneratorUtils.scala:51)
	at freechips.rocketchip.system.Generator$.elaborate(Generator.scala:12)
	at freechips.rocketchip.util.GeneratorApp.circuit(GeneratorUtils.scala:105)
	at freechips.rocketchip.util.GeneratorApp.circuit$(GeneratorUtils.scala:105)
	at freechips.rocketchip.system.Generator$.circuit$lzycompute(Generator.scala:12)
	at freechips.rocketchip.system.Generator$.circuit(Generator.scala:12)
	at freechips.rocketchip.util.GeneratorApp.generateFirrtl(GeneratorUtils.scala:112)
	at freechips.rocketchip.util.GeneratorApp.generateFirrtl$(GeneratorUtils.scala:111)
	at freechips.rocketchip.system.Generator$.generateFirrtl(Generator.scala:12)
	at freechips.rocketchip.system.Generator$.delayedEndpoint$freechips$rocketchip$system$Generator$1(Generator.scala:106)
	at freechips.rocketchip.system.Generator$delayedInit$body.apply(Generator.scala:12)
	at scala.Function0.apply$mcV$sp(Function0.scala:39)
	at scala.Function0.apply$mcV$sp$(Function0.scala:39)
	at scala.runtime.AbstractFunction0.apply$mcV$sp(AbstractFunction0.scala:17)
	at scala.App.$anonfun$main$1$adapted(App.scala:80)
	at scala.collection.immutable.List.foreach(List.scala:392)
	at scala.App.main(App.scala:80)
	at scala.App.main$(App.scala:78)
	at freechips.rocketchip.system.Generator$.main(Generator.scala:12)
	at freechips.rocketchip.system.Generator.main(Generator.scala)
WARNING: Could not parse DTS JSON: _root_.sifive.skeleton.DefaultConfig_sifive.skeleton.WithSimUART_sifive.skeleton.WithTestFinisher_samsung.com.blocks.omc.WithomcTop.json file not found
cd freedom-devicetree-tools; scripts/autoconf_wrapper --configure-args= --install-dir=../build/freedom-devicetree-tools
+ for i in '"$@"'
+ case $i in
+ CONFIGURE_ARGS=
+ shift
+ for i in '"$@"'
+ case $i in
+ INSTALL_DIR=../build/freedom-devicetree-tools
+ shift
+ autoreconf -i
/usr/bin/modulecmd bash load synopsys/vcs/P-2019.06-SP1
Loading module for Synopsys VCS P-2019.06-SP1.
+ ./configure --prefix=
+ make
++ pwd
+ make DESTDIR=/home/ryan/WORKs/01__Sesame/01__IPOnboarding/workspace_ctrl/freedom-devicetree-tools/../build/freedom-devicetree-tools install

===== TEST RESULTS =====
- test: demo
  msg: FAILED: File not found

Fail "Some tests failed"
